<?xml version="1.0" encoding="UTF-8"?>
<!-- Generated by org.testng.reporters.JUnitXMLReporter -->
<testsuite hostname="DESKTOP-RTSIONR" ignored="0" name="TestParameterization" tests="9" failures="3" timestamp="2021-03-14T16:58:53 IST" time="266.373" errors="0">
  <testcase name="runCreateLead" time="12.229" classname="testNG.CreateLead"/>
  <testcase name="runCreateLead" time="9.752" classname="testNG.CreateLead"/>
  <testcase name="runCreateLead" time="4.329" classname="testNG.CreateLead">
    <failure type="java.lang.IllegalArgumentException" message="Keys to send should be a not null CharSequence">
      <![CDATA[java.lang.IllegalArgumentException: Keys to send should be a not null CharSequence
at org.openqa.selenium.remote.RemoteWebElement.sendKeys(RemoteWebElement.java:100)
at testNG.CreateLead.runCreateLead(CreateLead.java:20)
at java.util.ArrayList.forEach(Unknown Source)
... Removed 27 stack frames]]>
    </failure>
  </testcase> <!-- runCreateLead -->
  <testcase name="runCreateLead" time="10.209" classname="testNG.CreateLead"/>
  <testcase name="runCreateLead" time="11.461" classname="testNG.CreateLead"/>
  <testcase name="runCreateLead" time="5.174" classname="testNG.CreateLead">
    <failure type="java.lang.IllegalArgumentException" message="Keys to send should be a not null CharSequence">
      <![CDATA[java.lang.IllegalArgumentException: Keys to send should be a not null CharSequence
at org.openqa.selenium.remote.RemoteWebElement.sendKeys(RemoteWebElement.java:100)
at testNG.CreateLead.runCreateLead(CreateLead.java:20)
at java.util.ArrayList.forEach(Unknown Source)
... Removed 27 stack frames]]>
    </failure>
  </testcase> <!-- runCreateLead -->
  <testcase name="runCreateLead" time="10.68" classname="testNG.CreateLead"/>
  <testcase name="runCreateLead" time="17.365" classname="testNG.CreateLead"/>
  <testcase name="runCreateLead" time="3.902" classname="testNG.CreateLead">
    <failure type="java.lang.IllegalArgumentException" message="Keys to send should be a not null CharSequence">
      <![CDATA[java.lang.IllegalArgumentException: Keys to send should be a not null CharSequence
at org.openqa.selenium.remote.RemoteWebElement.sendKeys(RemoteWebElement.java:100)
at testNG.CreateLead.runCreateLead(CreateLead.java:20)
at java.util.ArrayList.forEach(Unknown Source)
... Removed 27 stack frames]]>
    </failure>
  </testcase> <!-- runCreateLead -->
</testsuite> <!-- TestParameterization -->
